<?xml version="1.0" encoding="UTF-8"?>
<!-- Generated by org.testng.reporters.JUnitReportReporter -->
<testsuite hostname="DESKTOP-9PI6R9I" failures="0" tests="1" name="selenium.email.test_email" time="98.480" errors="0" timestamp="2022-06-21T08:49:42 BST" skipped="0">
  <testcase classname="selenium.email.test_email" name="sendMail" time="98.480"/>
  <system-out>
    <![CDATA[===test done===]]>
  </system-out>
</testsuite> <!-- selenium.email.test_email -->
